<?xml version="1.0" encoding="UTF-8"?>
<testsuite name="co.com.inacril.runners.NavegacionRunner" tests="0" skipped="0" failures="0" errors="0" timestamp="1970-01-01T00:00:00" hostname="DESKTOP-307TSEG" time="0.0">
  <properties/>
  <system-out><![CDATA[
1 Scenarios (?[32m1 passed?[0m)
3 Steps (?[32m3 passed?[0m)
1m33,993s


]]></system-out>
  <system-err><![CDATA[[Test worker] INFO io.cucumber.core.plugin.SerenityReporter - Running feature from file:///C:/Users/Milo_Jmz/IdeaProjects/AUTOMATIZACION-INACRIL/src/test/resources/features/navegacion.feature
[Test worker] INFO  - 

-------------------------------------------------------------------------------------
     _______. _______ .______       _______ .__   __.  __  .___________.____    ____ 
    /       ||   ____||   _  \     |   ____||  \ |  | |  | |           |\   \  /   / 
   |   (----`|  |__   |  |_)  |    |  |__   |   \|  | |  | `---|  |----` \   \/   /  
    \   \    |   __|  |      /     |   __|  |  . `  | |  |     |  |       \_    _/   
.----)   |   |  |____ |  |\  \----.|  |____ |  |\   | |  |     |  |         |  |     
|_______/    |_______|| _| `._____||_______||__| \__| |__|     |__|         |__|    
                                                                                     
 News and tutorials at http://www.serenity-bdd.info                                  
 Documentation at https://wakaleo.gitbooks.io/the-serenity-book/content/             
 Join the Serenity Community on Gitter: https://gitter.im/serenity-bdd/serenity-core 
 Serenity BDD Support and Training at http://serenity-bdd.info/#/trainingandsupport  
-------------------------------------------------------------------------------------

[Test worker] INFO  - Test Suite Started: Verificar la estética, responsividad y navegación de la pagina de Inacril
[pool-1-thread-1] INFO net.thucydides.core.reports.ReportService - net.thucydides.core.reports.json.JSONTestOutcomeReporter@1a783f9b: Generating report for test outcome: Verificar la estética, responsividad y navegación de la pagina de Inacril:Navegar por la página de Inacril y verificar comportamiento
[pool-2-thread-1] INFO net.thucydides.core.reports.ReportService - net.thucydides.core.reports.html.HtmlAcceptanceTestReporter@4ff6c3b5: Generating report for test outcome: Verificar la estética, responsividad y navegación de la pagina de Inacril:Navegar por la página de Inacril y verificar comportamiento
[Test worker] INFO io.cucumber.core.plugin.SerenityReporter - Cleanup test resources for URI file:///C:/Users/Milo_Jmz/IdeaProjects/AUTOMATIZACION-INACRIL/src/test/resources/features/navegacion.feature
]]></system-err>
</testsuite>
